<?xml version="1.0" encoding="UTF-8"?>
<!-- Generated by org.testng.reporters.JUnitXMLReporter -->
<testsuite ignored="0" hostname="subhashree" failures="0" tests="15" name="Surefire test" time="0.219" errors="0" timestamp="2025-10-06T22:12:26 IST">
  <testcase classname="com.company.attendance.repository.EmployeeRepositoryTest" name="testGenerateAttendanceReport_and_monthlyHours" time="0.009"/>
  <testcase classname="com.company.attendance.service.AttendanceServiceTest" name="testClockInSuccess" time="0.007"/>
  <testcase classname="com.company.attendance.service.AttendanceServiceTest" name="testClockInSuccess" time="0.0"/>
  <testcase classname="com.company.attendance.service.AttendanceServiceTest" name="testClockInSuccess" time="0.001"/>
  <testcase classname="com.company.attendance.service.AttendanceServiceTest" name="testDuplicateClockInThrows" time="0.002"/>
  <testcase classname="com.company.attendance.service.AttendanceServiceTest" name="testClockOutWithoutClockInThrows" time="0.001"/>
  <testcase classname="com.company.attendance.service.AttendanceServiceTest" name="testClockOutSuccess_calculatesHours" time="0.06"/>
  <testcase classname="com.company.attendance.service.AttendanceServiceTest" name="testPreventDuplicateClockInsSameDay" time="0.001"/>
  <testcase classname="com.company.attendance.service.EmployeeServiceTest" name="testAddEmployeeSuccess" time="0.001"/>
  <testcase classname="com.company.attendance.service.EmployeeServiceTest" name="testAddDuplicateEmployeeThrows" time="0.002"/>
  <testcase classname="com.company.attendance.service.EmployeeServiceTest" name="testGetAllEmployees" time="0.0"/>
  <testcase classname="com.company.attendance.service.LeaveServiceTest" name="testApplyForLeave_success" time="0.003"/>
  <testcase classname="com.company.attendance.service.LeaveServiceTest" name="testApproveLeave_changesStatus" time="0.001"/>
  <testcase classname="com.company.attendance.service.LeaveServiceTest" name="testApplyForLeave_invalidDateRange" time="0.0"/>
  <testcase classname="com.company.attendance.service.LeaveServiceTest" name="testRejectLeave_changesStatus" time="0.0"/>
</testsuite> <!-- Surefire test -->
