<?xml version="1.0" encoding="UTF-8"?>
<testsuite xmlns:xsi="http://www.w3.org/2001/XMLSchema-instance" xsi:noNamespaceSchemaLocation="https://maven.apache.org/surefire/maven-surefire-plugin/xsd/surefire-test-report-3.0.xsd" version="3.0" name="TestSuite" time="0.972" tests="15" errors="0" skipped="0" failures="0">
  <properties>
[...]
</properties>
  <testcase name="testGenerateAttendanceReport_and_monthlyHours" classname="com.company.attendance.repository.EmployeeRepositoryTest" time="0.01">
    <system-err><![CDATA[SLF4J: Failed to load class "org.slf4j.impl.StaticLoggerBinder".
SLF4J: Defaulting to no-operation (NOP) logger implementation
SLF4J: See http://www.slf4j.org/codes.html#StaticLoggerBinder for further details.
]]></system-err>
  </testcase>
  <testcase name="testClockInSuccess[1](1)" classname="com.company.attendance.service.AttendanceServiceTest" time="0.007"/>
  <testcase name="testClockInSuccess[2](2)" classname="com.company.attendance.service.AttendanceServiceTest" time="0"/>
  <testcase name="testClockInSuccess[10](3)" classname="com.company.attendance.service.AttendanceServiceTest" time="0.001"/>
  <testcase name="testDuplicateClockInThrows" classname="com.company.attendance.service.AttendanceServiceTest" time="0.002"/>
  <testcase name="testClockOutWithoutClockInThrows" classname="com.company.attendance.service.AttendanceServiceTest" time="0.001"/>
  <testcase name="testClockOutSuccess_calculatesHours" classname="com.company.attendance.service.AttendanceServiceTest" time="0.06"/>
  <testcase name="testPreventDuplicateClockInsSameDay" classname="com.company.attendance.service.AttendanceServiceTest" time="0"/>
  <testcase name="testAddEmployeeSuccess" classname="com.company.attendance.service.EmployeeServiceTest" time="0.002"/>
  <testcase name="testAddDuplicateEmployeeThrows" classname="com.company.attendance.service.EmployeeServiceTest" time="0"/>
  <testcase name="testGetAllEmployees" classname="com.company.attendance.service.EmployeeServiceTest" time="0"/>
  <testcase name="testApplyForLeave_success" classname="com.company.attendance.service.LeaveServiceTest" time="0.002"/>
  <testcase name="testApproveLeave_changesStatus" classname="com.company.attendance.service.LeaveServiceTest" time="0"/>
  <testcase name="testApplyForLeave_invalidDateRange" classname="com.company.attendance.service.LeaveServiceTest" time="0.001"/>
  <testcase name="testRejectLeave_changesStatus" classname="com.company.attendance.service.LeaveServiceTest" time="0.001"/>
</testsuite>